2019-01-21 17:26:19.160  INFO [smart-webfuse-cloud-service-client,,,] 3412     --- [main] trationDelegate$BeanPostProcessorChecker : Bean 'configurationPropertiesRebinderAutoConfiguration' of type [org.springframework.cloud.autoconfigure.ConfigurationPropertiesRebinderAutoConfiguration$$EnhancerBySpringCGLIB$$38bc02b3] is not eligible for getting processed by all BeanPostProcessors (for example: not eligible for auto-proxying)
2019-01-21 17:26:19.477  INFO [smart-webfuse-cloud-service-client,,,] 3412     --- [main] c.c.c.ConfigServicePropertySourceLocator : Fetching config from server at : http://localhost:8888
2019-01-21 17:26:19.607  INFO [smart-webfuse-cloud-service-client,,,] 3412     --- [main] c.c.c.ConfigServicePropertySourceLocator : Connect Timeout Exception on Url - http://localhost:8888. Will be trying the next url if available
2019-01-21 17:26:19.621  INFO [smart-webfuse-cloud-service-client,,,] 3412     --- [main] cn.webfuse.framework.ApplicationTests    : No active profile set, falling back to default profiles: default
2019-01-21 17:26:21.350  INFO [smart-webfuse-cloud-service-client,,,] 3412     --- [main] o.s.cloud.context.scope.GenericScope     : BeanFactory id=eadf4647-27f3-3ebf-a35e-80e61872eaf1
2019-01-21 17:26:21.806  INFO [smart-webfuse-cloud-service-client,,,] 3412     --- [main] trationDelegate$BeanPostProcessorChecker : Bean 'org.springframework.cloud.autoconfigure.ConfigurationPropertiesRebinderAutoConfiguration' of type [org.springframework.cloud.autoconfigure.ConfigurationPropertiesRebinderAutoConfiguration$$EnhancerBySpringCGLIB$$38bc02b3] is not eligible for getting processed by all BeanPostProcessors (for example: not eligible for auto-proxying)
2019-01-21 17:26:21.866  INFO [smart-webfuse-cloud-service-client,,,] 3412     --- [main] c.w.f.i18n.MessageResourceExtension      : init MessageResourceExtension...
2019-01-21 17:26:22.469  INFO [smart-webfuse-cloud-service-client,,,] 3412     --- [main] c.n.c.sources.URLConfigurationSource     : To enable URLs as dynamic configuration sources, define System property archaius.configurationSource.additionalUrls or make config.properties available on classpath.
2019-01-21 17:26:22.479  INFO [smart-webfuse-cloud-service-client,,,] 3412     --- [main] c.n.c.sources.URLConfigurationSource     : To enable URLs as dynamic configuration sources, define System property archaius.configurationSource.additionalUrls or make config.properties available on classpath.
2019-01-21 17:26:23.523  INFO [smart-webfuse-cloud-service-client,,,] 3412     --- [main] o.s.s.concurrent.ThreadPoolTaskExecutor  : Initializing ExecutorService 'applicationTaskExecutor'
2019-01-21 17:26:26.273  INFO [smart-webfuse-cloud-service-client,,,] 3412     --- [main] o.s.b.a.e.web.EndpointLinksResolver      : Exposing 24 endpoint(s) beneath base path '/actuator'
2019-01-21 17:26:26.375  INFO [smart-webfuse-cloud-service-client,,,] 3412     --- [main] c.w.f.c.ApplicationContextListener       : ========== ????????? ==========
2019-01-21 17:26:26.390  INFO [smart-webfuse-cloud-service-client,,,] 3412     --- [main] c.w.f.c.ApplicationContextListener       : ========== ???? ==========
2019-01-21 17:26:26.394  INFO [smart-webfuse-cloud-service-client,,,] 3412     --- [main] cn.webfuse.framework.ApplicationTests    : Started ApplicationTests in 8.382 seconds (JVM running for 9.264)
2019-01-21 17:26:26.400  INFO [smart-webfuse-cloud-service-client,,,] 3412     --- [main] c.w.f.c.ApplicationContextListener       : ========================
2019-01-21 17:26:26.401  INFO [smart-webfuse-cloud-service-client,,,] 3412     --- [main] c.w.f.c.ApplicationContextListener       : ??[Application]????!!!
2019-01-21 17:26:26.403  INFO [smart-webfuse-cloud-service-client,,,] 3412     --- [main] c.w.f.c.ApplicationContextListener       : ========================
2019-01-21 17:26:26.563  INFO [smart-webfuse-cloud-service-client,,,] 3412     --- [Thread-7] c.w.f.c.ApplicationContextListener       : ========== ???? ==========
2019-01-21 17:26:27.576  INFO [smart-webfuse-cloud-service-client,,,] 3412     --- [Thread-7] o.s.s.concurrent.ThreadPoolTaskExecutor  : Shutting down ExecutorService 'applicationTaskExecutor'
2019-01-21 21:32:56.044  INFO [smart-webfuse-cloud-service-client,,,] 3998     --- [main] trationDelegate$BeanPostProcessorChecker : Bean 'configurationPropertiesRebinderAutoConfiguration' of type [org.springframework.cloud.autoconfigure.ConfigurationPropertiesRebinderAutoConfiguration$$EnhancerBySpringCGLIB$$db63c56b] is not eligible for getting processed by all BeanPostProcessors (for example: not eligible for auto-proxying)
2019-01-21 21:32:56.268  INFO [smart-webfuse-cloud-service-client,,,] 3998     --- [main] c.c.c.ConfigServicePropertySourceLocator : Fetching config from server at : http://localhost:8888
2019-01-21 21:32:56.461  INFO [smart-webfuse-cloud-service-client,,,] 3998     --- [main] c.c.c.ConfigServicePropertySourceLocator : Connect Timeout Exception on Url - http://localhost:8888. Will be trying the next url if available
2019-01-21 21:32:56.473  INFO [smart-webfuse-cloud-service-client,,,] 3998     --- [main] cn.webfuse.framework.ApplicationTests    : No active profile set, falling back to default profiles: default
2019-01-21 21:32:57.965  INFO [smart-webfuse-cloud-service-client,,,] 3998     --- [main] o.s.cloud.context.scope.GenericScope     : BeanFactory id=9195d0d8-e561-3e90-b8f7-fb751edda49a
2019-01-21 21:32:58.359  INFO [smart-webfuse-cloud-service-client,,,] 3998     --- [main] trationDelegate$BeanPostProcessorChecker : Bean 'org.springframework.cloud.autoconfigure.ConfigurationPropertiesRebinderAutoConfiguration' of type [org.springframework.cloud.autoconfigure.ConfigurationPropertiesRebinderAutoConfiguration$$EnhancerBySpringCGLIB$$db63c56b] is not eligible for getting processed by all BeanPostProcessors (for example: not eligible for auto-proxying)
2019-01-21 21:32:58.418  INFO [smart-webfuse-cloud-service-client,,,] 3998     --- [main] c.w.f.i18n.MessageResourceExtension      : init MessageResourceExtension
2019-01-21 21:32:59.084  INFO [smart-webfuse-cloud-service-client,,,] 3998     --- [main] c.n.c.sources.URLConfigurationSource     : To enable URLs as dynamic configuration sources, define System property archaius.configurationSource.additionalUrls or make config.properties available on classpath.
2019-01-21 21:32:59.092  INFO [smart-webfuse-cloud-service-client,,,] 3998     --- [main] c.n.c.sources.URLConfigurationSource     : To enable URLs as dynamic configuration sources, define System property archaius.configurationSource.additionalUrls or make config.properties available on classpath.
2019-01-21 21:32:59.849  INFO [smart-webfuse-cloud-service-client,,,] 3998     --- [main] o.s.s.concurrent.ThreadPoolTaskExecutor  : Initializing ExecutorService 'applicationTaskExecutor'
2019-01-21 21:33:02.476  INFO [smart-webfuse-cloud-service-client,,,] 3998     --- [main] o.s.b.a.e.web.EndpointLinksResolver      : Exposing 24 endpoint(s) beneath base path '/actuator'
2019-01-21 21:33:02.595  INFO [smart-webfuse-cloud-service-client,,,] 3998     --- [main] c.w.f.c.ApplicationContextListener       : ========== ????????? ==========
2019-01-21 21:33:02.611  INFO [smart-webfuse-cloud-service-client,,,] 3998     --- [main] c.w.f.c.ApplicationContextListener       : ========== ???? ==========
2019-01-21 21:33:02.615  INFO [smart-webfuse-cloud-service-client,,,] 3998     --- [main] cn.webfuse.framework.ApplicationTests    : Started ApplicationTests in 7.569 seconds (JVM running for 8.412)
2019-01-21 21:33:02.622  INFO [smart-webfuse-cloud-service-client,,,] 3998     --- [main] c.w.f.c.ApplicationContextListener       : ========================
2019-01-21 21:33:02.622  INFO [smart-webfuse-cloud-service-client,,,] 3998     --- [main] c.w.f.c.ApplicationContextListener       : ??[Application]????!!!
2019-01-21 21:33:02.624  INFO [smart-webfuse-cloud-service-client,,,] 3998     --- [main] c.w.f.c.ApplicationContextListener       : ========================
2019-01-21 21:33:02.771  INFO [smart-webfuse-cloud-service-client,,,] 3998     --- [Thread-7] c.w.f.c.ApplicationContextListener       : ========== ???? ==========
2019-01-21 21:33:03.221  INFO [smart-webfuse-cloud-service-client,,,] 3998     --- [Thread-7] o.s.s.concurrent.ThreadPoolTaskExecutor  : Shutting down ExecutorService 'applicationTaskExecutor'
2019-01-21 21:36:59.765  INFO [smart-webfuse-cloud-service-client,,,] 4090     --- [main] trationDelegate$BeanPostProcessorChecker : Bean 'configurationPropertiesRebinderAutoConfiguration' of type [org.springframework.cloud.autoconfigure.ConfigurationPropertiesRebinderAutoConfiguration$$EnhancerBySpringCGLIB$$db63c56b] is not eligible for getting processed by all BeanPostProcessors (for example: not eligible for auto-proxying)
2019-01-21 21:36:59.964  INFO [smart-webfuse-cloud-service-client,,,] 4090     --- [main] c.c.c.ConfigServicePropertySourceLocator : Fetching config from server at : http://localhost:8888
2019-01-21 21:37:00.130  INFO [smart-webfuse-cloud-service-client,,,] 4090     --- [main] c.c.c.ConfigServicePropertySourceLocator : Connect Timeout Exception on Url - http://localhost:8888. Will be trying the next url if available
2019-01-21 21:37:00.142  INFO [smart-webfuse-cloud-service-client,,,] 4090     --- [main] cn.webfuse.framework.ApplicationTests    : No active profile set, falling back to default profiles: default
2019-01-21 21:37:01.536  INFO [smart-webfuse-cloud-service-client,,,] 4090     --- [main] o.s.cloud.context.scope.GenericScope     : BeanFactory id=9195d0d8-e561-3e90-b8f7-fb751edda49a
2019-01-21 21:37:01.952  INFO [smart-webfuse-cloud-service-client,,,] 4090     --- [main] trationDelegate$BeanPostProcessorChecker : Bean 'org.springframework.cloud.autoconfigure.ConfigurationPropertiesRebinderAutoConfiguration' of type [org.springframework.cloud.autoconfigure.ConfigurationPropertiesRebinderAutoConfiguration$$EnhancerBySpringCGLIB$$db63c56b] is not eligible for getting processed by all BeanPostProcessors (for example: not eligible for auto-proxying)
2019-01-21 21:37:02.006  INFO [smart-webfuse-cloud-service-client,,,] 4090     --- [main] c.w.f.i18n.MessageResourceExtension      : init MessageResourceExtension
2019-01-21 21:37:02.647  INFO [smart-webfuse-cloud-service-client,,,] 4090     --- [main] c.n.c.sources.URLConfigurationSource     : To enable URLs as dynamic configuration sources, define System property archaius.configurationSource.additionalUrls or make config.properties available on classpath.
2019-01-21 21:37:02.656  INFO [smart-webfuse-cloud-service-client,,,] 4090     --- [main] c.n.c.sources.URLConfigurationSource     : To enable URLs as dynamic configuration sources, define System property archaius.configurationSource.additionalUrls or make config.properties available on classpath.
2019-01-21 21:37:03.501  INFO [smart-webfuse-cloud-service-client,,,] 4090     --- [main] o.s.s.concurrent.ThreadPoolTaskExecutor  : Initializing ExecutorService 'applicationTaskExecutor'
2019-01-21 21:37:06.080  INFO [smart-webfuse-cloud-service-client,,,] 4090     --- [main] o.s.b.a.e.web.EndpointLinksResolver      : Exposing 24 endpoint(s) beneath base path '/actuator'
2019-01-21 21:37:06.217  INFO [smart-webfuse-cloud-service-client,,,] 4090     --- [main] c.w.f.c.ApplicationContextListener       : ========== ????????? ==========
2019-01-21 21:37:06.261  INFO [smart-webfuse-cloud-service-client,,,] 4090     --- [main] c.w.f.c.ApplicationContextListener       : ========== ???? ==========
2019-01-21 21:37:06.267  INFO [smart-webfuse-cloud-service-client,,,] 4090     --- [main] cn.webfuse.framework.ApplicationTests    : Started ApplicationTests in 7.498 seconds (JVM running for 8.417)
2019-01-21 21:37:06.274  INFO [smart-webfuse-cloud-service-client,,,] 4090     --- [main] c.w.f.c.ApplicationContextListener       : ========================
2019-01-21 21:37:06.274  INFO [smart-webfuse-cloud-service-client,,,] 4090     --- [main] c.w.f.c.ApplicationContextListener       : ??[Application]????!!!
2019-01-21 21:37:06.276  INFO [smart-webfuse-cloud-service-client,,,] 4090     --- [main] c.w.f.c.ApplicationContextListener       : ========================
2019-01-21 21:37:06.449  INFO [smart-webfuse-cloud-service-client,,,] 4090     --- [Thread-7] c.w.f.c.ApplicationContextListener       : ========== ???? ==========
2019-01-21 21:37:06.892  INFO [smart-webfuse-cloud-service-client,,,] 4090     --- [Thread-7] o.s.s.concurrent.ThreadPoolTaskExecutor  : Shutting down ExecutorService 'applicationTaskExecutor'
2019-01-21 21:38:31.030  INFO [smart-webfuse-cloud-service-client,,,] 4152     --- [main] trationDelegate$BeanPostProcessorChecker : Bean 'configurationPropertiesRebinderAutoConfiguration' of type [org.springframework.cloud.autoconfigure.ConfigurationPropertiesRebinderAutoConfiguration$$EnhancerBySpringCGLIB$$94e46354] is not eligible for getting processed by all BeanPostProcessors (for example: not eligible for auto-proxying)
2019-01-21 21:38:31.261  INFO [smart-webfuse-cloud-service-client,,,] 4152     --- [main] c.c.c.ConfigServicePropertySourceLocator : Fetching config from server at : http://localhost:8888
2019-01-21 21:38:31.387  INFO [smart-webfuse-cloud-service-client,,,] 4152     --- [main] c.c.c.ConfigServicePropertySourceLocator : Connect Timeout Exception on Url - http://localhost:8888. Will be trying the next url if available
2019-01-21 21:38:31.399  INFO [smart-webfuse-cloud-service-client,,,] 4152     --- [main] cn.webfuse.framework.ApplicationTests    : No active profile set, falling back to default profiles: default
2019-01-21 21:38:32.765  INFO [smart-webfuse-cloud-service-client,,,] 4152     --- [main] o.s.cloud.context.scope.GenericScope     : BeanFactory id=9195d0d8-e561-3e90-b8f7-fb751edda49a
2019-01-21 21:38:33.195  INFO [smart-webfuse-cloud-service-client,,,] 4152     --- [main] trationDelegate$BeanPostProcessorChecker : Bean 'org.springframework.cloud.autoconfigure.ConfigurationPropertiesRebinderAutoConfiguration' of type [org.springframework.cloud.autoconfigure.ConfigurationPropertiesRebinderAutoConfiguration$$EnhancerBySpringCGLIB$$94e46354] is not eligible for getting processed by all BeanPostProcessors (for example: not eligible for auto-proxying)
2019-01-21 21:38:33.260  INFO [smart-webfuse-cloud-service-client,,,] 4152     --- [main] c.w.f.i18n.MessageResourceExtension      : init MessageResourceExtension
2019-01-21 21:38:33.946  INFO [smart-webfuse-cloud-service-client,,,] 4152     --- [main] c.n.c.sources.URLConfigurationSource     : To enable URLs as dynamic configuration sources, define System property archaius.configurationSource.additionalUrls or make config.properties available on classpath.
2019-01-21 21:38:33.959  INFO [smart-webfuse-cloud-service-client,,,] 4152     --- [main] c.n.c.sources.URLConfigurationSource     : To enable URLs as dynamic configuration sources, define System property archaius.configurationSource.additionalUrls or make config.properties available on classpath.
2019-01-21 21:38:34.956  INFO [smart-webfuse-cloud-service-client,,,] 4152     --- [main] o.s.s.concurrent.ThreadPoolTaskExecutor  : Initializing ExecutorService 'applicationTaskExecutor'
2019-01-21 21:38:37.821  INFO [smart-webfuse-cloud-service-client,,,] 4152     --- [main] o.s.b.a.e.web.EndpointLinksResolver      : Exposing 24 endpoint(s) beneath base path '/actuator'
2019-01-21 21:38:37.986  INFO [smart-webfuse-cloud-service-client,,,] 4152     --- [main] c.w.f.c.ApplicationContextListener       : ========== ????????? ==========
2019-01-21 21:38:38.002  INFO [smart-webfuse-cloud-service-client,,,] 4152     --- [main] c.w.f.c.ApplicationContextListener       : ========== ???? ==========
2019-01-21 21:38:38.006  INFO [smart-webfuse-cloud-service-client,,,] 4152     --- [main] cn.webfuse.framework.ApplicationTests    : Started ApplicationTests in 7.976 seconds (JVM running for 8.885)
2019-01-21 21:38:38.013  INFO [smart-webfuse-cloud-service-client,,,] 4152     --- [main] c.w.f.c.ApplicationContextListener       : ========================
2019-01-21 21:38:38.013  INFO [smart-webfuse-cloud-service-client,,,] 4152     --- [main] c.w.f.c.ApplicationContextListener       : ??[Application]????!!!
2019-01-21 21:38:38.015  INFO [smart-webfuse-cloud-service-client,,,] 4152     --- [main] c.w.f.c.ApplicationContextListener       : ========================
2019-01-21 21:38:38.206  INFO [smart-webfuse-cloud-service-client,,,] 4152     --- [Thread-7] c.w.f.c.ApplicationContextListener       : ========== ???? ==========
2019-01-21 21:38:39.220  INFO [smart-webfuse-cloud-service-client,,,] 4152     --- [Thread-7] o.s.s.concurrent.ThreadPoolTaskExecutor  : Shutting down ExecutorService 'applicationTaskExecutor'
